{"numTotalTestSuites":18,"numPassedTestSuites":18,"numFailedTestSuites":0,"numPendingTestSuites":0,"numTotalTests":23,"numPassedTests":23,"numFailedTests":0,"numPendingTests":0,"numTodoTests":0,"snapshot":{"added":0,"failure":false,"filesAdded":0,"filesRemoved":0,"filesRemovedList":[],"filesUnmatched":0,"filesUpdated":0,"matched":0,"total":0,"unchecked":0,"uncheckedKeysByFile":[],"unmatched":0,"updated":0,"didUpdate":false},"startTime":1788606654824,"success":true,"testResults":[{"assertionResults":[{"ancestorTitles":["responsive CSS (layout cannot be measured in jsdom)"],"fullName":"responsive CSS (layout cannot be measured in jsdom) keeps the app shell sticky and the sider independently scrollable","status":"passed","title":"keeps the app shell sticky and the sider independently scrollable","duration":4.118399999999383,"failureMessages":[],"meta":{}},{"ancestorTitles":["responsive CSS (layout cannot be measured in jsdom)"],"fullName":"responsive CSS (layout cannot be measured in jsdom) sizes Elena and auth for mobile","status":"passed","title":"sizes Elena and auth for mobile","duration":1.3600999999998749,"failureMessages":[],"meta":{}},{"ancestorTitles":["responsive CSS (layout cannot be measured in jsdom)"],"fullName":"responsive CSS (layout cannot be measured in jsdom) uses a fluid cart grid","status":"passed","title":"uses a fluid cart grid","duration":0.8302000000003318,"failureMessages":[],"meta":{}}],"startTime":1788606665513,"endTime":1788606665518.83,"status":"passed","message":"","name":"C:/Users/shata/OneDrive/Desktop/sah/client/src/responsive.test.js"},{"assertionResults":[{"ancestorTitles":["Elena knowledge base file"],"fullName":"Elena knowledge base file contains at least 2000 Q&A rows","status":"passed","title":"contains at least 2000 Q&A rows","duration":11.170799999999872,"failureMessages":[],"meta":{}}],"startTime":1788606665585,"endTime":1788606665596.171,"status":"passed","message":"","name":"C:/Users/shata/OneDrive/Desktop/sah/client/src/data/elenaKnowledge.test.js"},{"assertionResults":[{"ancestorTitles":["lms themes"],"fullName":"lms themes exposes 30 named themes","status":"passed","title":"exposes 30 named themes","duration":6.287899999999354,"failureMessages":[],"meta":{}}],"startTime":1788606665523,"endTime":1788606665529.2878,"status":"passed","message":"","name":"C:/Users/shata/OneDrive/Desktop/sah/client/src/data/themes.test.js"},{"assertionResults":[{"ancestorTitles":["voice assistant services (mocked browser APIs)"],"fullName":"voice assistant services (mocked browser APIs) reports unsupported when SpeechRecognition is missing","status":"passed","title":"reports unsupported when SpeechRecognition is missing","duration":8.841899999999441,"failureMessages":[],"meta":{}},{"ancestorTitles":["voice assistant services (mocked browser APIs)"],"fullName":"voice assistant services (mocked browser APIs) starts, captures recognized text, and stops","status":"passed","title":"starts, captures recognized text, and stops","duration":1.7588999999989028,"failureMessages":[],"meta":{}},{"ancestorTitles":["voice assistant services (mocked browser APIs)"],"fullName":"voice assistant services (mocked browser APIs) sets speaking state through mocked speechSynthesis","status":"passed","title":"sets speaking state through mocked speechSynthesis","duration":6.025499999999738,"failureMessages":[],"meta":{}},{"ancestorTitles":["voice assistant services (mocked browser APIs)"],"fullName":"voice assistant services (mocked browser APIs) handles recognition errors","status":"passed","title":"handles recognition errors","duration":1.8086000000002969,"failureMessages":[],"meta":{}}],"startTime":1788606665672,"endTime":1788606665690.8086,"status":"passed","message":"","name":"C:/Users/shata/OneDrive/Desktop/sah/client/src/services/voice.test.js"},{"assertionResults":[{"ancestorTitles":["CartPage"],"fullName":"CartPage shows empty state","status":"passed","title":"shows empty state","duration":1075.6689000000006,"failureMessages":[],"meta":{}},{"ancestorTitles":["CartPage"],"fullName":"CartPage renders book image, title, author, category, availability, and actions","status":"passed","title":"renders book image, title, author, category, availability, and actions","duration":532.9170999999988,"failureMessages":[],"meta":{}},{"ancestorTitles":["CartPage"],"fullName":"CartPage shows error state with retry","status":"passed","title":"shows error state with retry","duration":178.09389999999985,"failureMessages":[],"meta":{}},{"ancestorTitles":["CartPage"],"fullName":"CartPage clears the cart","status":"passed","title":"clears the cart","duration":327.82470000000103,"failureMessages":[],"meta":{}}],"startTime":1788606673383,"endTime":1788606675497.8247,"status":"passed","message":"","name":"C:/Users/shata/OneDrive/Desktop/sah/client/src/pages/CartPage.test.jsx"},{"assertionResults":[{"ancestorTitles":["DashboardPage data binding"],"fullName":"DashboardPage data binding renders live KPI values from the API payload","status":"passed","title":"renders live KPI values from the API payload","duration":1847.3757000000005,"failureMessages":[],"meta":{}},{"ancestorTitles":["DashboardPage data binding"],"fullName":"DashboardPage data binding renders error state","status":"passed","title":"renders error state","duration":435.6735000000008,"failureMessages":[],"meta":{}}],"startTime":1788606676883,"endTime":1788606679166.6736,"status":"passed","message":"","name":"C:/Users/shata/OneDrive/Desktop/sah/client/src/pages/DashboardPage.test.jsx"},{"assertionResults":[{"ancestorTitles":["LoginPage"],"fullName":"LoginPage renders email, password, remember me, and login button","status":"passed","title":"renders email, password, remember me, and login button","duration":2120.483400000001,"failureMessages":[],"meta":{}},{"ancestorTitles":["LoginPage"],"fullName":"LoginPage validates empty fields","status":"passed","title":"validates empty fields","duration":507.8846999999987,"failureMessages":[],"meta":{}},{"ancestorTitles":["LoginPage"],"fullName":"LoginPage shows an error when login fails","status":"passed","title":"shows an error when login fails","duration":858.5911999999989,"failureMessages":[],"meta":{}},{"ancestorTitles":["LoginPage"],"fullName":"LoginPage calls login and can show loading label","status":"passed","title":"calls login and can show loading label","duration":1780.4258999999984,"failureMessages":[],"meta":{}}],"startTime":1788606673685,"endTime":1788606678952.4258,"status":"passed","message":"","name":"C:/Users/shata/OneDrive/Desktop/sah/client/src/pages/LoginPage.test.jsx"},{"assertionResults":[{"ancestorTitles":["RegisterPage"],"fullName":"RegisterPage renders registration fields","status":"passed","title":"renders registration fields","duration":2079.9587999999967,"failureMessages":[],"meta":{}},{"ancestorTitles":["RegisterPage"],"fullName":"RegisterPage requires matching passwords","status":"passed","title":"requires matching passwords","duration":3433.7847,"failureMessages":[],"meta":{}}],"startTime":1788606673684,"endTime":1788606679197.7847,"status":"passed","message":"","name":"C:/Users/shata/OneDrive/Desktop/sah/client/src/pages/RegisterPage.test.jsx"},{"assertionResults":[{"ancestorTitles":["format helpers"],"fullName":"format helpers formats currency","status":"passed","title":"formats currency","duration":9.33849999999984,"failureMessages":[],"meta":{}},{"ancestorTitles":["format helpers"],"fullName":"format helpers due badge overdue","status":"passed","title":"due badge overdue","duration":6.464900000000853,"failureMessages":[],"meta":{}}],"startTime":1788606665595,"endTime":1788606665611.4648,"status":"passed","message":"","name":"C:/Users/shata/OneDrive/Desktop/sah/client/src/utils/format.test.js"}]}